<?xml version="1.0" encoding="UTF-8"?>
<!-- Generated by org.testng.reporters.JUnitReportReporter -->
<testsuite hostname="metalok" failures="0" tests="1" name="day1.Create_User" time="3.674" errors="0" timestamp="2024-02-17T12:55:44 IST" skipped="0">
  <testcase classname="day1.Create_User" name="createUser" time="3.674"/>
  <system-out/>
</testsuite> <!-- day1.Create_User -->
