<?xml version="1.0" encoding="UTF-8"?>
<!-- Generated by org.testng.reporters.JUnitReportReporter -->
<testsuite hostname="metalok" failures="0" tests="2" name="Day2_DiffWaysToCreatePOSTrequest.UsingPOJO_PostRequest" time="3.577" errors="0" timestamp="2024-02-21T17:32:16 IST" skipped="0">
  <testcase classname="Day2_DiffWaysToCreatePOSTrequest.UsingPOJO_PostRequest" name="createPOSTRequestusingPOJO" time="3.505"/>
  <system-out/>
  <testcase classname="Day2_DiffWaysToCreatePOSTrequest.UsingPOJO_PostRequest" name="deleteStudentData" time="0.072"/>
  <system-out/>
</testsuite> <!-- Day2_DiffWaysToCreatePOSTrequest.UsingPOJO_PostRequest -->
