<?xml version="1.0" encoding="UTF-8"?>
<!-- Generated by org.testng.reporters.JUnitReportReporter -->
<testsuite hostname="metalok" failures="0" tests="1" name="day1.getListUsers" time="2.062" errors="0" timestamp="2024-02-16T12:39:16 IST" skipped="0">
  <testcase classname="day1.getListUsers" name="getListUsers" time="2.062"/>
  <system-out/>
</testsuite> <!-- day1.getListUsers -->
