<?xml version="1.0" encoding="UTF-8"?>
<!-- Generated by org.testng.reporters.JUnitReportReporter -->
<testsuite hostname="metalok" failures="0" tests="1" name="Day3.TestHeaders" time="1.773" errors="0" timestamp="2024-02-28T12:04:57 IST" skipped="0">
  <testcase classname="Day3.TestHeaders" name="testHeaders" time="1.773"/>
  <system-out/>
</testsuite> <!-- Day3.TestHeaders -->
