<?xml version="1.0" encoding="UTF-8"?>
<!-- Generated by org.testng.reporters.JUnitReportReporter -->
<testsuite hostname="metalok" failures="0" tests="2" name="Day2_DiffWaysToCreatePOSTrequest.CreatePostUsingJsonLibrary" time="2.716" errors="0" timestamp="2024-02-21T15:19:53 IST" skipped="0">
  <testcase classname="Day2_DiffWaysToCreatePOSTrequest.CreatePostUsingJsonLibrary" name="createPostJson" time="2.661"/>
  <system-out/>
  <testcase classname="Day2_DiffWaysToCreatePOSTrequest.CreatePostUsingJsonLibrary" name="deleteStudentRecord" time="0.055"/>
  <system-out/>
</testsuite> <!-- Day2_DiffWaysToCreatePOSTrequest.CreatePostUsingJsonLibrary -->
