<?xml version="1.0" encoding="UTF-8"?>
<!-- Generated by org.testng.reporters.JUnitReportReporter -->
<testsuite hostname="metalok" failures="0" tests="4" name="day1.HTTPrequests" time="8.189" errors="0" timestamp="2024-02-20T11:55:48 IST" skipped="0">
  <testcase classname="day1.HTTPrequests" name="getUser" time="3.342"/>
  <system-out/>
  <testcase classname="day1.HTTPrequests" name="createUser" time="2.663"/>
  <system-out/>
  <testcase classname="day1.HTTPrequests" name="updateUser" time="1.427"/>
  <system-out/>
  <testcase classname="day1.HTTPrequests" name="deleteUser" time="0.757"/>
  <system-out/>
</testsuite> <!-- day1.HTTPrequests -->
