<?xml version="1.0" encoding="UTF-8"?>
<!-- Generated by org.testng.reporters.JUnitReportReporter -->
<testsuite hostname="metalok" failures="0" tests="1" name="day1.getSingle_user" time="1.520" errors="0" timestamp="2024-02-16T12:26:08 IST" skipped="0">
  <testcase classname="day1.getSingle_user" name="getSingleUser" time="1.520"/>
  <system-out/>
</testsuite> <!-- day1.getSingle_user -->
