<?xml version="1.0" encoding="UTF-8"?>
<!-- Generated by org.testng.reporters.JUnitReportReporter -->
<testsuite hostname="metalok" failures="0" tests="1" name="day1.Delete_User" time="2.935" errors="0" timestamp="2024-02-17T15:04:18 IST" skipped="0">
  <testcase classname="day1.Delete_User" name="deleteUser" time="2.935"/>
  <system-out/>
</testsuite> <!-- day1.Delete_User -->
