<?xml version="1.0" encoding="UTF-8"?>
<!-- Generated by org.testng.reporters.JUnitReportReporter -->
<testsuite hostname="metalok" failures="0" tests="1" name="day1.Update_User" time="2.042" errors="0" timestamp="2024-02-17T13:19:26 IST" skipped="0">
  <testcase classname="day1.Update_User" name="updateUser" time="2.042"/>
  <system-out/>
</testsuite> <!-- day1.Update_User -->
