<?xml version="1.0" encoding="UTF-8"?>
<!-- Generated by org.testng.reporters.JUnitReportReporter -->
<testsuite hostname="metalok" failures="0" tests="1" name="Path_QueryParams.Path_Query" time="2.836" errors="0" timestamp="2024-02-22T14:43:11 IST" skipped="0">
  <testcase classname="Path_QueryParams.Path_Query" name="testPathQuery" time="2.836"/>
  <system-out/>
</testsuite> <!-- Path_QueryParams.Path_Query -->
