<?xml version="1.0" encoding="UTF-8"?>
<!-- Generated by org.testng.reporters.JUnitReportReporter -->
<testsuite hostname="metalok" failures="0" tests="2" name="Day2_DiffWaysToCreatePOSTrequest.CreatePOSTUsingJSONFile" time="1.930" errors="0" timestamp="2024-02-22T12:12:49 IST" skipped="0">
  <testcase classname="Day2_DiffWaysToCreatePOSTrequest.CreatePOSTUsingJSONFile" name="createPostJsonLibrary" time="1.863"/>
  <system-out/>
  <testcase classname="Day2_DiffWaysToCreatePOSTrequest.CreatePOSTUsingJSONFile" name="deleteStudentData" time="0.067"/>
  <system-out/>
</testsuite> <!-- Day2_DiffWaysToCreatePOSTrequest.CreatePOSTUsingJSONFile -->
